-------------------------------------------------------------------------------
Test set: ca.jrvs.apps.twitter.controller.TwitterControllerIntTest
-------------------------------------------------------------------------------
Tests run: 3, Failures: 0, Errors: 3, Skipped: 0, Time elapsed: 0.004 s <<< FAILURE! - in ca.jrvs.apps.twitter.controller.TwitterControllerIntTest
showTweet(ca.jrvs.apps.twitter.controller.TwitterControllerIntTest)  Time elapsed: 0 s  <<< ERROR!
oauth.signpost.exception.OAuthExpectationFailedException: consumer key not set
	at ca.jrvs.apps.twitter.controller.TwitterControllerIntTest.showTweet(TwitterControllerIntTest.java:44)

deleteTweet(ca.jrvs.apps.twitter.controller.TwitterControllerIntTest)  Time elapsed: 0.001 s  <<< ERROR!
oauth.signpost.exception.OAuthExpectationFailedException: consumer key not set
	at ca.jrvs.apps.twitter.controller.TwitterControllerIntTest.deleteTweet(TwitterControllerIntTest.java:55)

postTweet(ca.jrvs.apps.twitter.controller.TwitterControllerIntTest)  Time elapsed: 0.001 s  <<< ERROR!
oauth.signpost.exception.OAuthExpectationFailedException: consumer key not set
	at ca.jrvs.apps.twitter.controller.TwitterControllerIntTest.postTweet(TwitterControllerIntTest.java:37)

