-------------------------------------------------------------------------------
Test set: ca.jrvs.apps.twitter.service.TwitterServiceIntTest
-------------------------------------------------------------------------------
Tests run: 3, Failures: 0, Errors: 1, Skipped: 0, Time elapsed: 0.003 s <<< FAILURE! - in ca.jrvs.apps.twitter.service.TwitterServiceIntTest
postValidTweet(ca.jrvs.apps.twitter.service.TwitterServiceIntTest)  Time elapsed: 0.001 s  <<< ERROR!
oauth.signpost.exception.OAuthExpectationFailedException: consumer key not set
	at ca.jrvs.apps.twitter.service.TwitterServiceIntTest.postValidTweet(TwitterServiceIntTest.java:53)

